<?xml version="1.0" encoding="UTF-8"?>
<testsuite name="Model.BiletTest" tests="4" skipped="0" failures="0" errors="0" timestamp="2017-05-08T20:02:04" hostname="DESKTOP-2MOBKL4" time="0.001">
  <properties/>
  <testcase name="getNrBilet" classname="Model.BiletTest" time="0.0"/>
  <testcase name="getId" classname="Model.BiletTest" time="0.0"/>
  <testcase name="setId" classname="Model.BiletTest" time="0.0"/>
  <testcase name="setNrBilet" classname="Model.BiletTest" time="0.0"/>
  <system-out><![CDATA[]]></system-out>
  <system-err><![CDATA[]]></system-err>
</testsuite>
